#
# There is insufficient memory for the Java Runtime Environment to continue.
# Native memory allocation (mmap) failed to map 268435456 bytes for G1 virtual space
# Possible reasons:
#   The system is out of physical RAM or swap space
#   The process is running with CompressedOops enabled, and the Java Heap may be blocking the growth of the native heap
# Possible solutions:
#   Reduce memory load on the system
#   Increase physical memory or swap space
#   Check if swap backing store is full
#   Decrease Java heap size (-Xmx/-Xms)
#   Decrease number of Java threads
#   Decrease Java thread stack sizes (-Xss)
#   Set larger code cache with -XX:ReservedCodeCacheSize=
#   JVM is running with Zero Based Compressed Oops mode in which the Java heap is
#     placed in the first 32GB address space. The Java Heap base address is the
#     maximum limit for the native heap growth. Please use -XX:HeapBaseMinAddress
#     to set the Java Heap base and to place the Java Heap above 32GB virtual address.
# This output file may be truncated or incomplete.
#
#  Out of Memory Error (os_windows.cpp:3528), pid=5820, tid=6684
#
# JRE version:  (20.0.2+9) (build )
# Java VM: Java HotSpot(TM) 64-Bit Server VM (20.0.2+9-78, mixed mode, sharing, tiered, compressed oops, compressed class ptrs, g1 gc, windows-amd64)
# No core dump will be written. Minidumps are not enabled by default on client versions of Windows
#

---------------  S U M M A R Y ------------

Command Line: -javaagent:D:\Program Files\JetBrains\IntelliJ IDEA Community Edition 2023.2\lib\idea_rt.jar=52944:D:\Program Files\JetBrains\IntelliJ IDEA Community Edition 2023.2\bin -Dfile.encoding=UTF-8 -Dsun.stdout.encoding=UTF-8 -Dsun.stderr.encoding=UTF-8 org.example.Main

Host: Intel(R) Core(TM) i5-8250U CPU @ 1.60GHz, 8 cores, 15G,  Windows 11 , 64 bit Build 22621 (10.0.22621.3958)
Time: Thu Aug  8 10:13:15 2024  Windows 11 , 64 bit Build 22621 (10.0.22621.3958) elapsed time: 0.020843 seconds (0d 0h 0m 0s)

---------------  T H R E A D  ---------------

Current thread (0x000002a0949822b0):  JavaThread "Unknown thread" [_thread_in_vm, id=6684, stack(0x000000d4d6600000,0x000000d4d6700000)]

Stack: [0x000000d4d6600000,0x000000d4d6700000]
Native frames: (J=compiled Java code, j=interpreted, Vv=VM code, C=native code)
V  [jvm.dll+0x6bc25a]
V  [jvm.dll+0x84971a]
V  [jvm.dll+0x84b315]
V  [jvm.dll+0x84ba13]
V  [jvm.dll+0x280e4f]
V  [jvm.dll+0x6b8fe9]
V  [jvm.dll+0x6adbca]
V  [jvm.dll+0x35b165]
V  [jvm.dll+0x363386]
V  [jvm.dll+0x3b400e]
V  [jvm.dll+0x3b4295]
V  [jvm.dll+0x32b86a]
V  [jvm.dll+0x32c68b]
V  [jvm.dll+0x8123df]
V  [jvm.dll+0x3c1261]
V  [jvm.dll+0x7fe103]
V  [jvm.dll+0x44ccaf]
V  [jvm.dll+0x44e621]
C  [jli.dll+0x5287]
C  [ucrtbase.dll+0x29333]
C  [KERNEL32.DLL+0x1257d]
C  [ntdll.dll+0x5af28]


---------------  P R O C E S S  ---------------

Threads class SMR info:
_java_thread_list=0x00007ffc866bb118, length=0, elements={
}

Java Threads: ( => current thread )

Other Threads:
  0x000002a0949f3b30 WorkerThread "GC Thread#0" [stack: 0x000000d4d6700000,0x000000d4d6800000] [id=8280]
  0x000002a094a04a60 ConcurrentGCThread "G1 Main Marker" [stack: 0x000000d4d6800000,0x000000d4d6900000] [id=19120]
  0x000002a094a05490 WorkerThread "G1 Conc#0" [stack: 0x000000d4d6900000,0x000000d4d6a00000] [id=8708]

[error occurred during error reporting (printing all threads), id 0xc0000005, EXCEPTION_ACCESS_VIOLATION (0xc0000005) at pc=0x00007ffc85e9eea7]
VM state: not at safepoint (not fully initialized)

VM Mutex/Monitor currently owned by a thread:  ([mutex/lock_event])
[0x000002a09497cd90] Heap_lock - owner thread: 0x000002a0949822b0

Heap address: 0x0000000701800000, size: 4072 MB, Compressed Oops mode: Zero based, Oop shift amount: 3

CDS archive(s) mapped at: [0x0000000000000000-0x0000000000000000-0x0000000000000000), size 0, SharedBaseAddress: 0x0000000800000000, ArchiveRelocationMode: 1.
Narrow klass base: 0x0000000000000000, Narrow klass shift: 0, Narrow klass range: 0x0

GC Precious Log:
 CardTable entry size: 512
 Card Set container configuration: InlinePtr #cards 4 size 8 Array Of Cards #cards 16 size 48 Howl #buckets 8 coarsen threshold 3686 Howl Bitmap #cards 512 size 80 coarsen threshold 460 Card regions per heap region 1 cards per card region 4096

Heap:
 garbage-first heap   total 0K, used 0K [0x0000000701800000, 0x0000000800000000)
  region size 2048K, 0 young (0K), 0 survivors (0K)

[error occurred during error reporting (printing heap information), id 0xc0000005, EXCEPTION_ACCESS_VIOLATION (0xc0000005) at pc=0x00007ffc862747b9]
GC Heap History (0 events):
No events

Dll operation events (1 events):
Event: 0.011 Loaded shared library D:\Program Files\Java\jdk-20\bin\java.dll

Deoptimization events (0 events):
No events

Classes loaded (0 events):
No events

Classes unloaded (0 events):
No events

Classes redefined (0 events):
No events

Internal exceptions (0 events):
No events

VM Operations (0 events):
No events

Events (0 events):
No events


Dynamic libraries:
0x00007ff726cf0000 - 0x00007ff726d00000 	D:\Program Files\Java\jdk-20\bin\java.exe
0x00007ffd0aab0000 - 0x00007ffd0acc7000 	C:\WINDOWS\SYSTEM32\ntdll.dll
0x00007ffd09af0000 - 0x00007ffd09bb4000 	C:\WINDOWS\System32\KERNEL32.DLL
0x00007ffd07dd0000 - 0x00007ffd0817d000 	C:\WINDOWS\System32\KERNELBASE.dll
0x00007ffd085a0000 - 0x00007ffd086b1000 	C:\WINDOWS\System32\ucrtbase.dll
0x00007ffce4180000 - 0x00007ffce4199000 	D:\Program Files\Java\jdk-20\bin\jli.dll
0x00007ffce9d70000 - 0x00007ffce9d8b000 	D:\Program Files\Java\jdk-20\bin\VCRUNTIME140.dll
0x00007ffd09620000 - 0x00007ffd096d2000 	C:\WINDOWS\System32\ADVAPI32.dll
0x00007ffd09fb0000 - 0x00007ffd0a057000 	C:\WINDOWS\System32\msvcrt.dll
0x00007ffd08f70000 - 0x00007ffd09019000 	C:\WINDOWS\System32\sechost.dll
0x00007ffd08240000 - 0x00007ffd08268000 	C:\WINDOWS\System32\bcrypt.dll
0x00007ffd08ca0000 - 0x00007ffd08db4000 	C:\WINDOWS\System32\RPCRT4.dll
0x00007ffd08dc0000 - 0x00007ffd08f6e000 	C:\WINDOWS\System32\USER32.dll
0x00007ffd08270000 - 0x00007ffd08296000 	C:\WINDOWS\System32\win32u.dll
0x00007ffcf03e0000 - 0x00007ffcf0673000 	C:\WINDOWS\WinSxS\amd64_microsoft.windows.common-controls_6595b64144ccf1df_6.0.22621.3672_none_2713b9d173822955\COMCTL32.dll
0x00007ffd0aa40000 - 0x00007ffd0aa69000 	C:\WINDOWS\System32\GDI32.dll
0x00007ffd086c0000 - 0x00007ffd087d9000 	C:\WINDOWS\System32\gdi32full.dll
0x00007ffd08480000 - 0x00007ffd0851a000 	C:\WINDOWS\System32\msvcp_win.dll
0x00007ffcff860000 - 0x00007ffcff86a000 	C:\WINDOWS\SYSTEM32\VERSION.dll
0x00007ffd08c60000 - 0x00007ffd08c91000 	C:\WINDOWS\System32\IMM32.DLL
0x00007ffcf5ce0000 - 0x00007ffcf5cec000 	D:\Program Files\Java\jdk-20\bin\vcruntime140_1.dll
0x00007ffcca7e0000 - 0x00007ffcca86e000 	D:\Program Files\Java\jdk-20\bin\msvcp140.dll
0x00007ffc85b60000 - 0x00007ffc867f8000 	D:\Program Files\Java\jdk-20\bin\server\jvm.dll
0x00007ffcf3e80000 - 0x00007ffcf3e89000 	C:\WINDOWS\SYSTEM32\WSOCK32.dll
0x00007ffd09eb0000 - 0x00007ffd09f21000 	C:\WINDOWS\System32\WS2_32.dll
0x00007ffd035b0000 - 0x00007ffd035e4000 	C:\WINDOWS\SYSTEM32\WINMM.dll
0x00007ffd06eb0000 - 0x00007ffd06ec8000 	C:\WINDOWS\SYSTEM32\kernel.appcore.dll
0x00007ffcf57d0000 - 0x00007ffcf57da000 	D:\Program Files\Java\jdk-20\bin\jimage.dll
0x00007ffd056d0000 - 0x00007ffd05902000 	C:\WINDOWS\SYSTEM32\DBGHELP.DLL
0x00007ffd096e0000 - 0x00007ffd09a6d000 	C:\WINDOWS\System32\combase.dll
0x00007ffd09080000 - 0x00007ffd09157000 	C:\WINDOWS\System32\OLEAUT32.dll
0x00007ffcf4240000 - 0x00007ffcf4272000 	C:\WINDOWS\SYSTEM32\dbgcore.DLL
0x00007ffd08520000 - 0x00007ffd0859b000 	C:\WINDOWS\System32\bcryptPrimitives.dll
0x00007ffd03f00000 - 0x00007ffd03f0e000 	D:\Program Files\Java\jdk-20\bin\instrument.dll
0x00007ffcdf510000 - 0x00007ffcdf536000 	D:\Program Files\Java\jdk-20\bin\java.dll

dbghelp: loaded successfully - version: 4.0.5 - missing functions: none
symbol engine: initialized successfully - sym options: 0x614 - pdb path: .;D:\Program Files\Java\jdk-20\bin;C:\WINDOWS\SYSTEM32;C:\WINDOWS\WinSxS\amd64_microsoft.windows.common-controls_6595b64144ccf1df_6.0.22621.3672_none_2713b9d173822955;D:\Program Files\Java\jdk-20\bin\server

VM Arguments:
jvm_args: -javaagent:D:\Program Files\JetBrains\IntelliJ IDEA Community Edition 2023.2\lib\idea_rt.jar=52944:D:\Program Files\JetBrains\IntelliJ IDEA Community Edition 2023.2\bin -Dfile.encoding=UTF-8 -Dsun.stdout.encoding=UTF-8 -Dsun.stderr.encoding=UTF-8 
java_command: org.example.Main
java_class_path (initial): D:\Projekty\Java\horus\target\classes
Launcher Type: SUN_STANDARD

[Global flags]
     intx CICompilerCount                          = 4                                         {product} {ergonomic}
     uint ConcGCThreads                            = 2                                         {product} {ergonomic}
     uint G1ConcRefinementThreads                  = 8                                         {product} {ergonomic}
   size_t G1HeapRegionSize                         = 2097152                                   {product} {ergonomic}
    uintx GCDrainStackTargetSize                   = 64                                        {product} {ergonomic}
   size_t InitialHeapSize                          = 268435456                                 {product} {ergonomic}
   size_t MarkStackSize                            = 4194304                                   {product} {ergonomic}
   size_t MaxHeapSize                              = 4269801472                                {product} {ergonomic}
   size_t MinHeapDeltaBytes                        = 2097152                                   {product} {ergonomic}
   size_t MinHeapSize                              = 8388608                                   {product} {ergonomic}
    uintx NonNMethodCodeHeapSize                   = 5839372                                {pd product} {ergonomic}
    uintx NonProfiledCodeHeapSize                  = 122909434                              {pd product} {ergonomic}
    uintx ProfiledCodeHeapSize                     = 122909434                              {pd product} {ergonomic}
    uintx ReservedCodeCacheSize                    = 251658240                              {pd product} {ergonomic}
     bool SegmentedCodeCache                       = true                                      {product} {ergonomic}
   size_t SoftMaxHeapSize                          = 4269801472                             {manageable} {ergonomic}
     bool UseCompressedClassPointers               = true                           {product lp64_product} {ergonomic}
     bool UseCompressedOops                        = true                           {product lp64_product} {ergonomic}
     bool UseG1GC                                  = true                                      {product} {ergonomic}
     bool UseLargePagesIndividualAllocation        = false                                  {pd product} {ergonomic}

Logging:
Log output configuration:
 #0: stdout all=warning uptime,level,tags foldmultilines=false
 #1: stderr all=off uptime,level,tags foldmultilines=false

Environment Variables:
PATH=D:\Program Files (x86)\VMware\VMware Player\bin\;C:\Program Files\Common Files\Oracle\Java\javapath;C:\WINDOWS\system32;C:\WINDOWS;C:\WINDOWS\System32\Wbem;C:\WINDOWS\System32\WindowsPowerShell\v1.0\;C:\WINDOWS\System32\OpenSSH\;D:\Program Files\nodejs\;C:\Users\wojte\AppData\Roaming\npm;D:\Program Files\Git\cmd;C:\Program Files\MySQL\MySQL Server 8.0\bin;C:\Program Files\MySQL\MySQL Shell 8.0\bin;C:\Program Files\dotnet\;D:\Program Files (x86)\Microsoft SQL Server\160\Tools\Binn\;C:\Program Files\Microsoft SQL Server\160\Tools\Binn\;C:\Program Files\Microsoft SQL Server\Client SDK\ODBC\170\Tools\Binn\;C:\Program Files\Microsoft SQL Server\160\DTS\Binn\;D:\Program Files (x86)\Microsoft SQL Server\160\DTS\Binn\;C:\Program Files\Microsoft SQL Server\150\Tools\Binn\;C:\Program Files\Docker\Docker\resources\bin;C:\Program Files\MySQL\MySQL Shell 8.0\bin\;C:\Users\wojte\AppData\Local\Programs\Python\Python312\Scripts\;C:\Users\wojte\AppData\Local\Programs\Python\Python312\;C:\Users\wojte\AppData\Local\Microsoft\WindowsApps;D:\Program Files\JetBrains\IntelliJ IDEA Community Edition 2023.2\bin;;D:\Users\wojte\AppData\Local\Programs\Microsoft VS Code\bin;C:\Users\wojte\AppData\Roaming\npm;D:\Program Files\JetBrains\PyCharm Community Edition 2023.2.2\bin;;C:\Program Files\MySQL\MySQL Server 8.0\bin;C:\Program Files\MySQL\MySQL Shell 8.0\bin;;D:\Program Files\JetBrains\JetBrains Rider 2024.1\bin;;C:\Users\wojte\.dotnet\tools;D:\Program Files\JetBrains\PyCharm 2024.1.1\bin;;C:\Users\wojte\AppData\Roaming\Programs\Zero Install
USERNAME=wojte
OS=Windows_NT
PROCESSOR_IDENTIFIER=Intel64 Family 6 Model 142 Stepping 10, GenuineIntel
TMP=C:\Users\wojte\AppData\Local\Temp
TEMP=C:\Users\wojte\AppData\Local\Temp




---------------  S Y S T E M  ---------------

OS:
 Windows 11 , 64 bit Build 22621 (10.0.22621.3958)
OS uptime: 7 days 20:33 hours
Hyper-V role detected

CPU: total 8 (initial active 8) (4 cores per cpu, 2 threads per core) family 6 model 142 stepping 10 microcode 0xf0, cx8, cmov, fxsr, ht, mmx, 3dnowpref, sse, sse2, sse3, ssse3, sse4.1, sse4.2, popcnt, lzcnt, tsc, tscinvbit, avx, avx2, aes, erms, clmul, bmi1, bmi2, adx, fma, vzeroupper, clflush, clflushopt, hv, rdtscp, f16c

Memory: 4k page, system-wide physical 16281M (6524M free)
TotalPageFile size 18329M (AvailPageFile size 34M)
current process WorkingSet (physical memory assigned to process): 12M, peak: 12M
current process commit charge ("private bytes"): 60M, peak: 316M

vm_info: Java HotSpot(TM) 64-Bit Server VM (20.0.2+9-78) for windows-amd64 JRE (20.0.2+9-78), built on 2023-06-14T10:08:48Z by "mach5one" with MS VC++ 17.1 (VS2022)

END.
